{"/Users/juan/code/terraform-with-rest-api-gateway-and-lambda-functions/terraform/hello/function.js": {"path":"/Users/juan/code/terraform-with-rest-api-gateway-and-lambda-functions/terraform/hello/function.js","statementMap":{"0":{"start":{"line":1,"column":0},"end":{"line":26,"column":2}},"1":{"start":{"line":2,"column":2},"end":{"line":2,"column":32}},"2":{"start":{"line":4,"column":24},"end":{"line":4,"column":39}},"3":{"start":{"line":6,"column":2},"end":{"line":8,"column":3}},"4":{"start":{"line":7,"column":4},"end":{"line":7,"column":76}},"5":{"start":{"line":10,"column":2},"end":{"line":13,"column":3}},"6":{"start":{"line":11,"column":17},"end":{"line":11,"column":39}},"7":{"start":{"line":12,"column":4},"end":{"line":12,"column":50}},"8":{"start":{"line":15,"column":19},"end":{"line":23,"column":3}},"9":{"start":{"line":25,"column":2},"end":{"line":25,"column":18}}},"fnMap":{"0":{"name":"(anonymous_0)","decl":{"start":{"line":1,"column":18},"end":{"line":1,"column":19}},"loc":{"start":{"line":1,"column":35},"end":{"line":26,"column":1}},"line":1}},"branchMap":{"0":{"loc":{"start":{"line":6,"column":2},"end":{"line":8,"column":3}},"type":"if","locations":[{"start":{"line":6,"column":2},"end":{"line":8,"column":3}},{"start":{},"end":{}}],"line":6},"1":{"loc":{"start":{"line":6,"column":6},"end":{"line":6,"column":72}},"type":"binary-expr","locations":[{"start":{"line":6,"column":6},"end":{"line":6,"column":33}},{"start":{"line":6,"column":37},"end":{"line":6,"column":72}}],"line":6},"2":{"loc":{"start":{"line":10,"column":2},"end":{"line":13,"column":3}},"type":"if","locations":[{"start":{"line":10,"column":2},"end":{"line":13,"column":3}},{"start":{},"end":{}}],"line":10}},"s":{"0":1,"1":3,"2":3,"3":3,"4":1,"5":3,"6":1,"7":1,"8":3,"9":3},"f":{"0":3},"b":{"0":[1,2],"1":[3,1],"2":[1,2]},"_coverageSchema":"1a1c01bbd47fc00a2c39e90264f33305004495a9","hash":"55348f1c80d80d3bc7e5a65755c0be12221bee79"}
}
