{"/Users/juan/code/terraform-with-rest-api-gateway-and-lambda-functions/terraform/authorizer/function.js": {"path":"/Users/juan/code/terraform-with-rest-api-gateway-and-lambda-functions/terraform/authorizer/function.js","statementMap":{"0":{"start":{"line":21,"column":0},"end":{"line":50,"column":2}},"1":{"start":{"line":22,"column":2},"end":{"line":22,"column":32}},"2":{"start":{"line":24,"column":14},"end":{"line":24,"column":38}},"3":{"start":{"line":35,"column":20},"end":{"line":35,"column":35}},"4":{"start":{"line":37,"column":2},"end":{"line":49,"column":3}},"5":{"start":{"line":39,"column":4},"end":{"line":39,"column":74}},"6":{"start":{"line":40,"column":4},"end":{"line":40,"column":10}},"7":{"start":{"line":42,"column":4},"end":{"line":42,"column":73}},"8":{"start":{"line":43,"column":4},"end":{"line":43,"column":10}},"9":{"start":{"line":45,"column":4},"end":{"line":45,"column":29}},"10":{"start":{"line":46,"column":4},"end":{"line":46,"column":10}},"11":{"start":{"line":48,"column":4},"end":{"line":48,"column":37}},"12":{"start":{"line":53,"column":21},"end":{"line":76,"column":1}},"13":{"start":{"line":54,"column":21},"end":{"line":54,"column":23}},"14":{"start":{"line":56,"column":2},"end":{"line":56,"column":41}},"15":{"start":{"line":57,"column":2},"end":{"line":67,"column":3}},"16":{"start":{"line":58,"column":25},"end":{"line":58,"column":27}},"17":{"start":{"line":59,"column":4},"end":{"line":59,"column":42}},"18":{"start":{"line":60,"column":4},"end":{"line":60,"column":34}},"19":{"start":{"line":61,"column":23},"end":{"line":61,"column":25}},"20":{"start":{"line":62,"column":4},"end":{"line":62,"column":47}},"21":{"start":{"line":63,"column":4},"end":{"line":63,"column":33}},"22":{"start":{"line":64,"column":4},"end":{"line":64,"column":37}},"23":{"start":{"line":65,"column":4},"end":{"line":65,"column":47}},"24":{"start":{"line":66,"column":4},"end":{"line":66,"column":49}},"25":{"start":{"line":70,"column":2},"end":{"line":74,"column":4}},"26":{"start":{"line":75,"column":2},"end":{"line":75,"column":22}}},"fnMap":{"0":{"name":"(anonymous_0)","decl":{"start":{"line":21,"column":18},"end":{"line":21,"column":19}},"loc":{"start":{"line":21,"column":54},"end":{"line":50,"column":1}},"line":21},"1":{"name":"(anonymous_1)","decl":{"start":{"line":53,"column":21},"end":{"line":53,"column":22}},"loc":{"start":{"line":53,"column":61},"end":{"line":76,"column":1}},"line":53}},"branchMap":{"0":{"loc":{"start":{"line":37,"column":2},"end":{"line":49,"column":3}},"type":"switch","locations":[{"start":{"line":38,"column":2},"end":{"line":40,"column":10}},{"start":{"line":41,"column":2},"end":{"line":43,"column":10}},{"start":{"line":44,"column":2},"end":{"line":46,"column":10}},{"start":{"line":47,"column":2},"end":{"line":48,"column":37}}],"line":37},"1":{"loc":{"start":{"line":57,"column":2},"end":{"line":67,"column":3}},"type":"if","locations":[{"start":{"line":57,"column":2},"end":{"line":67,"column":3}},{"start":{},"end":{}}],"line":57},"2":{"loc":{"start":{"line":57,"column":6},"end":{"line":57,"column":24}},"type":"binary-expr","locations":[{"start":{"line":57,"column":6},"end":{"line":57,"column":12}},{"start":{"line":57,"column":16},"end":{"line":57,"column":24}}],"line":57}},"s":{"0":1,"1":4,"2":4,"3":4,"4":4,"5":1,"6":1,"7":1,"8":1,"9":1,"10":1,"11":1,"12":1,"13":2,"14":2,"15":2,"16":0,"17":0,"18":0,"19":0,"20":0,"21":0,"22":0,"23":0,"24":0,"25":2,"26":2},"f":{"0":4,"1":2},"b":{"0":[1,1,1,1],"1":[0,2],"2":[2,2]},"_coverageSchema":"1a1c01bbd47fc00a2c39e90264f33305004495a9","hash":"ccc93517032ab837cbc1af2e4dd42cb1a48d544b"}
}
